#
# A fatal error has been detected by the Java Runtime Environment:
#
#  EXCEPTION_ACCESS_VIOLATION (0xc0000005) at pc=0x00007ffdae860a52, pid=12992, tid=34092
#
# JRE version: OpenJDK Runtime Environment (16.0.2+7) (build 16.0.2+7-67)
# Java VM: OpenJDK 64-Bit Server VM (16.0.2+7-67, mixed mode, tiered, compressed oops, compressed class ptrs, g1 gc, windows-amd64)
# Problematic frame:
# V  [jvm.dll+0x520a52]
#
# No core dump will be written. Minidumps are not enabled by default on client versions of Windows
#
# If you would like to submit a bug report, please visit:
#   https://bugreport.java.com/bugreport/crash.jsp
#

---------------  S U M M A R Y ------------

Command Line: -XX:+ShowCodeDetailsInExceptionMessages -agentlib:jdwp=transport=dt_socket,suspend=y,address=localhost:54510 -javaagent:C:\Users\ander\eclipse\java-2022-03\eclipse\configuration\org.eclipse.osgi\225\0\.cp\lib\javaagent-shaded.jar -Dfile.encoding=Cp1252 java_ddbb.gestionEmployees

Host: 11th Gen Intel(R) Core(TM) i7-1165G7 @ 2.80GHz, 8 cores, 15G,  Windows 10 , 64 bit Build 19041 (10.0.19041.1566)
Time: Sun May  1 00:57:49 2022 Hora de verano romance elapsed time: 104.016270 seconds (0d 0h 1m 44s)

---------------  T H R E A D  ---------------

Current thread (0x00000254978140f0):  VMThread "VM Thread" [stack: 0x0000006376900000,0x0000006376a00000] [id=34092]

Stack: [0x0000006376900000,0x0000006376a00000],  sp=0x00000063769ff680,  free space=1021k
Native frames: (J=compiled Java code, j=interpreted, Vv=VM code, C=native code)
V  [jvm.dll+0x520a52]
V  [jvm.dll+0x52032d]
V  [jvm.dll+0x7d00ab]
V  [jvm.dll+0x7d0da4]
V  [jvm.dll+0x7d12a9]
V  [jvm.dll+0x7d1564]
V  [jvm.dll+0x7d1630]
V  [jvm.dll+0x7795aa]
V  [jvm.dll+0x667066]
C  [ucrtbase.dll+0x21bb2]
C  [KERNEL32.DLL+0x17034]
C  [ntdll.dll+0x52651]


siginfo: EXCEPTION_ACCESS_VIOLATION (0xc0000005), reading address 0xffffffffffffffff


Register to memory mapping:

RIP=0x00007ffdae860a52 jvm.dll
RAX=0x00ca025498839d30 is an unknown value
RBX=0x0000000000000010 is an unknown value
RCX=0x0000025498839c70 is pointing into metadata
RDX=0x0000000000000001 is an unknown value
RSP=0x00000063769ff680 points into unknown readable memory: 0x000002549883aeb8 | b8 ae 83 98 54 02 00 00
RBP=0x00000254ffec4bd0 points into unknown readable memory: 0x000002549883a738 | 38 a7 83 98 54 02 00 00
RSI={method} {0x0000025498839d80} 
[error occurred during error reporting (printing register info), id 0xc0000005, EXCEPTION_ACCESS_VIOLATION (0xc0000005) at pc=0x00007ffdae95d63a]

Registers:
RAX=0x00ca025498839d30, RBX=0x0000000000000010, RCX=0x0000025498839c70, RDX=0x0000000000000001
RSP=0x00000063769ff680, RBP=0x00000254ffec4bd0, RSI=0x0000025498839d78, RDI=0x00000254f8433950
R8 =0x0000025498839c80, R9 =0x0000000000000001, R10=0x00000254ffdbb560, R11=0x0000000000000040
R12=0x00000063769ff730, R13=0x00000254ffdb8cc0, R14=0x00000254ffec4fa8, R15=0x00000008000c5f00
RIP=0x00007ffdae860a52, EFLAGS=0x0000000000010202

Top of Stack: (sp=0x00000063769ff680)
0x00000063769ff680:   000002549883aeb8 00000063774ff920
0x00000063769ff690:   00000254ffec4bd0 00000063774ff8c0
0x00000063769ff6a0:   0000000000000000 00000254ffdbb560
0x00000063769ff6b0:   00000254f8433950 0000025497ac1af0
0x00000063769ff6c0:   0000025497ff4ec0 00000254ffec4fa8
0x00000063769ff6d0:   00000063774ff8c0 00000254ffec4bd0
0x00000063769ff6e0:   00000000000003d8 00007ffdaee50980
0x00000063769ff6f0:   00007ffdaebe3010 0000025497ac1af0
0x00000063769ff700:   00000063774ff920 00007ffdae86032d
0x00000063769ff710:   00000063774ff920 00000063769ff730
0x00000063769ff720:   0000025497ac1af0 0000006300000000
0x00000063769ff730:   00007ffdae95e1f0 0000000000000000
0x00000063769ff740:   00000254ffec4bc0 00007ffdaeb100ab
0x00000063769ff750:   0000025497ff4ec0 00000254ffeb7350
0x00000063769ff760:   0000000000000000 00007ffd00000000
0x00000063769ff770:   00007ffde5df0000 00007ffde5e043c4 

Instructions: (pc=0x00007ffdae860a52)
0x00007ffdae860952:   48 8b c7 48 89 5f 10 48 8b 5c 24 30 48 89 77 18
0x00007ffdae860962:   48 8b 74 24 38 48 83 c4 20 5f c3 cc cc cc 48 89
0x00007ffdae860972:   54 24 10 48 89 4c 24 08 53 57 41 54 41 55 41 57
0x00007ffdae860982:   48 83 ec 60 48 8b d9 4c 8b e2 48 63 4a 08 48 03
0x00007ffdae860992:   4b 08 8b 53 10 41 ff 14 24 44 8b 05 26 4f 5f 00
0x00007ffdae8609a2:   65 48 8b 04 25 58 00 00 00 41 bb 40 00 00 00 4a
0x00007ffdae8609b2:   8b 3c c0 48 89 7c 24 30 41 80 3c 3b 00 75 0b e8
0x00007ffdae8609c2:   86 36 30 00 41 bb 40 00 00 00 48 8b 43 08 48 8b
0x00007ffdae8609d2:   48 08 48 8b 51 08 0f b7 41 2a 4c 8b 6c c2 48 0f
0x00007ffdae8609e2:   b7 41 2c 4c 8b 54 c2 48 48 8b 42 18 4c 89 54 24
0x00007ffdae8609f2:   28 4c 8b b8 78 01 00 00 4d 85 ff 0f 84 bc 01 00
0x00007ffdae860a02:   00 48 89 74 24 50 48 89 6c 24 58 4c 89 74 24 48
0x00007ffdae860a12:   bb 10 00 00 00 66 0f 1f 84 00 00 00 00 00 49 8b
0x00007ffdae860a22:   8f 90 01 00 00 8b 01 83 e8 01 48 63 d0 0f 88 65
0x00007ffdae860a32:   01 00 00 4c 8d 42 01 4e 8d 04 c1 0f 1f 00 49 8b
0x00007ffdae860a42:   30 0f b6 46 2a c0 e8 05 a8 01 74 1e 48 8b 46 08
0x00007ffdae860a52:   4c 8b 48 08 0f b7 48 2a 4d 39 6c c9 48 75 0b 0f
0x00007ffdae860a62:   b7 48 2c 4d 39 54 c9 48 74 0f 49 83 e8 08 48 83
0x00007ffdae860a72:   ea 01 79 ca e9 1f 01 00 00 41 80 3c 3b 00 75 05
0x00007ffdae860a82:   e8 c5 35 30 00 48 83 3d 59 b7 5b 00 00 8b c3 48
0x00007ffdae860a92:   8b 0c 38 48 8b a9 78 02 00 00 48 8b 5d 18 48 8b
0x00007ffdae860aa2:   7d 20 48 8b 45 28 4c 8b 75 10 48 89 9c 24 a0 00
0x00007ffdae860ab2:   00 00 48 89 bc 24 a8 00 00 00 48 89 44 24 20 0f
0x00007ffdae860ac2:   84 86 00 00 00 49 8b 04 24 48 8d 0d 1e d7 0f 00
0x00007ffdae860ad2:   48 3b c1 75 16 48 85 c0 74 08 41 83 7c 24 08 00
0x00007ffdae860ae2:   75 09 4c 8d 25 45 8c 3f 00 eb 07 4c 8d 25 44 8c
0x00007ffdae860af2:   3f 00 4c 8b 46 08 4d 8b 48 08 41 0f b7 40 2c 49
0x00007ffdae860b02:   8b 4c c1 48 41 0f b7 40 2a 49 8b 5c c1 48 e8 cb
0x00007ffdae860b12:   37 21 00 48 8b cb 48 8b f8 e8 c0 37 21 00 4c 8b
0x00007ffdae860b22:   c0 48 8d 0d 16 8c 3f 00 4c 8b cf 49 8b d4 e8 eb
0x00007ffdae860b32:   eb ff ff 48 8b 9c 24 a0 00 00 00 48 8b bc 24 a8
0x00007ffdae860b42:   00 00 00 4c 8b a4 24 98 00 00 00 48 8b 84 24 90 


Stack slot to memory mapping:
stack at sp + 0 slots: {method} {0x000002549883aec0} 'main' '([Ljava/lang/String;)V' in 'java_ddbb/gestionEmployees'
stack at sp + 1 slots: 0x00000063774ff920 is pointing into the stack for thread: 0x0000025497b80710
stack at sp + 2 slots: 0x00000254ffec4bd0 points into unknown readable memory: 0x000002549883a738 | 38 a7 83 98 54 02 00 00
stack at sp + 3 slots: 0x00000063774ff8c0 is pointing into the stack for thread: 0x0000025497b80710
stack at sp + 4 slots: 0x0 is NULL
stack at sp + 5 slots: 0x00000254ffdbb560 points into unknown readable memory: 0x5b280016c0bcffff | ff ff bc c0 16 00 28 5b
stack at sp + 6 slots: 0x00000254f8433950 points into unknown readable memory: 0x0000000000000000 | 00 00 00 00 00 00 00 00
stack at sp + 7 slots: 0x0000025497ac1af0 points into unknown readable memory: 0x0000025497ac1af0 | f0 1a ac 97 54 02 00 00

VM_Operation (0x00000063774ff8c0): ChangeBreakpoints, mode: safepoint, requested by thread 0x0000025497b80710


---------------  P R O C E S S  ---------------

Threads class SMR info:
_java_thread_list=0x0000025497fee7f0, length=15, elements={
0x00000254f83cf130, 0x00000254978187a0, 0x00000254978192b0, 0x00000254ffefaa80,
0x00000254ffefd3a0, 0x00000254ffefdcb0, 0x00000254ffefe9d0, 0x000002549786a140,
0x0000025497876280, 0x00000254978887d0, 0x0000025497979ab0, 0x0000025497b80710,
0x0000025497b07c60, 0x0000025497b3c410, 0x0000025497fef520
}

Java Threads: ( => current thread )
  0x00000254f83cf130 JavaThread "main" [_thread_blocked, id=22344, stack(0x0000006376300000,0x0000006376400000)]
  0x00000254978187a0 JavaThread "Reference Handler" daemon [_thread_blocked, id=24380, stack(0x0000006376a00000,0x0000006376b00000)]
  0x00000254978192b0 JavaThread "Finalizer" daemon [_thread_blocked, id=22392, stack(0x0000006376b00000,0x0000006376c00000)]
  0x00000254ffefaa80 JavaThread "Signal Dispatcher" daemon [_thread_blocked, id=29036, stack(0x0000006376c00000,0x0000006376d00000)]
  0x00000254ffefd3a0 JavaThread "Attach Listener" daemon [_thread_blocked, id=25476, stack(0x0000006376d00000,0x0000006376e00000)]
  0x00000254ffefdcb0 JavaThread "Service Thread" daemon [_thread_blocked, id=24400, stack(0x0000006376e00000,0x0000006376f00000)]
  0x00000254ffefe9d0 JavaThread "Monitor Deflation Thread" daemon [_thread_blocked, id=20520, stack(0x0000006376f00000,0x0000006377000000)]
  0x000002549786a140 JavaThread "C2 CompilerThread0" daemon [_thread_blocked, id=19908, stack(0x0000006377000000,0x0000006377100000)]
  0x0000025497876280 JavaThread "C1 CompilerThread0" daemon [_thread_blocked, id=23916, stack(0x0000006377100000,0x0000006377200000)]
  0x00000254978887d0 JavaThread "Sweeper thread" daemon [_thread_blocked, id=23808, stack(0x0000006377200000,0x0000006377300000)]
  0x0000025497979ab0 JavaThread "Common-Cleaner" daemon [_thread_blocked, id=32792, stack(0x0000006377300000,0x0000006377400000)]
  0x0000025497b80710 JavaThread "JDWP Transport Listener: dt_socket" daemon [_thread_blocked, id=26224, stack(0x0000006377400000,0x0000006377500000)]
  0x0000025497b07c60 JavaThread "JDWP Event Helper Thread" daemon [_thread_blocked, id=29452, stack(0x0000006377500000,0x0000006377600000)]
  0x0000025497b3c410 JavaThread "JDWP Command Reader" daemon [_thread_in_native, id=19832, stack(0x0000006377600000,0x0000006377700000)]
  0x0000025497fef520 JavaThread "Notification Thread" daemon [_thread_blocked, id=6352, stack(0x0000006377700000,0x0000006377800000)]

Other Threads:
=>0x00000254978140f0 VMThread "VM Thread" [stack: 0x0000006376900000,0x0000006376a00000] [id=34092]
  0x0000025497fe2030 WatcherThread [stack: 0x0000006377800000,0x0000006377900000] [id=24156]
  0x00000254f84205f0 GCTaskThread "GC Thread#0" [stack: 0x0000006376400000,0x0000006376500000] [id=34344]
  0x00000254f84319b0 ConcurrentGCThread "G1 Main Marker" [stack: 0x0000006376500000,0x0000006376600000] [id=28576]
  0x00000254f8432330 ConcurrentGCThread "G1 Conc#0" [stack: 0x0000006376600000,0x0000006376700000] [id=15756]
  0x00000254f84ad5b0 ConcurrentGCThread "G1 Refine#0" [stack: 0x0000006376700000,0x0000006376800000] [id=23148]
  0x00000254f84adf40 ConcurrentGCThread "G1 Service" [stack: 0x0000006376800000,0x0000006376900000] [id=23632]

Threads with active compile tasks:

VM state: at safepoint (normal execution)

VM Mutex/Monitor currently owned by a thread:  ([mutex/lock_event])
[0x00000254f83c1f00] Threads_lock - owner thread: 0x00000254978140f0

Heap address: 0x0000000703200000, size: 4046 MB, Compressed Oops mode: Zero based, Oop shift amount: 3

CDS disabled.
Compressed class space mapped at: 0x0000000800000000-0x0000000840000000, reserved size: 1073741824
Narrow klass base: 0x0000000800000000, Narrow klass shift: 0, Narrow klass range: 0x40000000

GC Precious Log:
 CPUs: 8 total, 8 available
 Memory: 16183M
 Large Page Support: Disabled
 NUMA Support: Disabled
 Compressed Oops: Enabled (Zero based)
 Heap Region Size: 2M
 Heap Min Capacity: 8M
 Heap Initial Capacity: 254M
 Heap Max Capacity: 4046M
 Pre-touch: Disabled
 Parallel Workers: 8
 Concurrent Workers: 2
 Concurrent Refinement Workers: 8
 Periodic GC: Disabled

Heap:
 garbage-first heap   total 260096K, used 6144K [0x0000000703200000, 0x0000000800000000)
  region size 2048K, 4 young (8192K), 0 survivors (0K)
 Metaspace       used 9878K, committed 9984K, reserved 1064960K
  class space    used 848K, committed 896K, reserved 1048576K

Heap Regions: E=young(eden), S=young(survivor), O=old, HS=humongous(starts), HC=humongous(continues), CS=collection set, F=free, OA=open archive, CA=closed archive, TAMS=top-at-mark-start (previous, next)
|   0|0x0000000703200000, 0x0000000703200000, 0x0000000703400000|  0%| F|  |TAMS 0x0000000703200000, 0x0000000703200000| Untracked 
|   1|0x0000000703400000, 0x0000000703400000, 0x0000000703600000|  0%| F|  |TAMS 0x0000000703400000, 0x0000000703400000| Untracked 
|   2|0x0000000703600000, 0x0000000703600000, 0x0000000703800000|  0%| F|  |TAMS 0x0000000703600000, 0x0000000703600000| Untracked 
|   3|0x0000000703800000, 0x0000000703800000, 0x0000000703a00000|  0%| F|  |TAMS 0x0000000703800000, 0x0000000703800000| Untracked 
|   4|0x0000000703a00000, 0x0000000703a00000, 0x0000000703c00000|  0%| F|  |TAMS 0x0000000703a00000, 0x0000000703a00000| Untracked 
|   5|0x0000000703c00000, 0x0000000703c00000, 0x0000000703e00000|  0%| F|  |TAMS 0x0000000703c00000, 0x0000000703c00000| Untracked 
|   6|0x0000000703e00000, 0x0000000703e00000, 0x0000000704000000|  0%| F|  |TAMS 0x0000000703e00000, 0x0000000703e00000| Untracked 
|   7|0x0000000704000000, 0x0000000704000000, 0x0000000704200000|  0%| F|  |TAMS 0x0000000704000000, 0x0000000704000000| Untracked 
|   8|0x0000000704200000, 0x0000000704200000, 0x0000000704400000|  0%| F|  |TAMS 0x0000000704200000, 0x0000000704200000| Untracked 
|   9|0x0000000704400000, 0x0000000704400000, 0x0000000704600000|  0%| F|  |TAMS 0x0000000704400000, 0x0000000704400000| Untracked 
|  10|0x0000000704600000, 0x0000000704600000, 0x0000000704800000|  0%| F|  |TAMS 0x0000000704600000, 0x0000000704600000| Untracked 
|  11|0x0000000704800000, 0x0000000704800000, 0x0000000704a00000|  0%| F|  |TAMS 0x0000000704800000, 0x0000000704800000| Untracked 
|  12|0x0000000704a00000, 0x0000000704a00000, 0x0000000704c00000|  0%| F|  |TAMS 0x0000000704a00000, 0x0000000704a00000| Untracked 
|  13|0x0000000704c00000, 0x0000000704c00000, 0x0000000704e00000|  0%| F|  |TAMS 0x0000000704c00000, 0x0000000704c00000| Untracked 
|  14|0x0000000704e00000, 0x0000000704e00000, 0x0000000705000000|  0%| F|  |TAMS 0x0000000704e00000, 0x0000000704e00000| Untracked 
|  15|0x0000000705000000, 0x0000000705000000, 0x0000000705200000|  0%| F|  |TAMS 0x0000000705000000, 0x0000000705000000| Untracked 
|  16|0x0000000705200000, 0x0000000705200000, 0x0000000705400000|  0%| F|  |TAMS 0x0000000705200000, 0x0000000705200000| Untracked 
|  17|0x0000000705400000, 0x0000000705400000, 0x0000000705600000|  0%| F|  |TAMS 0x0000000705400000, 0x0000000705400000| Untracked 
|  18|0x0000000705600000, 0x0000000705600000, 0x0000000705800000|  0%| F|  |TAMS 0x0000000705600000, 0x0000000705600000| Untracked 
|  19|0x0000000705800000, 0x0000000705800000, 0x0000000705a00000|  0%| F|  |TAMS 0x0000000705800000, 0x0000000705800000| Untracked 
|  20|0x0000000705a00000, 0x0000000705a00000, 0x0000000705c00000|  0%| F|  |TAMS 0x0000000705a00000, 0x0000000705a00000| Untracked 
|  21|0x0000000705c00000, 0x0000000705c00000, 0x0000000705e00000|  0%| F|  |TAMS 0x0000000705c00000, 0x0000000705c00000| Untracked 
|  22|0x0000000705e00000, 0x0000000705e00000, 0x0000000706000000|  0%| F|  |TAMS 0x0000000705e00000, 0x0000000705e00000| Untracked 
|  23|0x0000000706000000, 0x0000000706000000, 0x0000000706200000|  0%| F|  |TAMS 0x0000000706000000, 0x0000000706000000| Untracked 
|  24|0x0000000706200000, 0x0000000706200000, 0x0000000706400000|  0%| F|  |TAMS 0x0000000706200000, 0x0000000706200000| Untracked 
|  25|0x0000000706400000, 0x0000000706400000, 0x0000000706600000|  0%| F|  |TAMS 0x0000000706400000, 0x0000000706400000| Untracked 
|  26|0x0000000706600000, 0x0000000706600000, 0x0000000706800000|  0%| F|  |TAMS 0x0000000706600000, 0x0000000706600000| Untracked 
|  27|0x0000000706800000, 0x0000000706800000, 0x0000000706a00000|  0%| F|  |TAMS 0x0000000706800000, 0x0000000706800000| Untracked 
|  28|0x0000000706a00000, 0x0000000706a00000, 0x0000000706c00000|  0%| F|  |TAMS 0x0000000706a00000, 0x0000000706a00000| Untracked 
|  29|0x0000000706c00000, 0x0000000706c00000, 0x0000000706e00000|  0%| F|  |TAMS 0x0000000706c00000, 0x0000000706c00000| Untracked 
|  30|0x0000000706e00000, 0x0000000706e00000, 0x0000000707000000|  0%| F|  |TAMS 0x0000000706e00000, 0x0000000706e00000| Untracked 
|  31|0x0000000707000000, 0x0000000707000000, 0x0000000707200000|  0%| F|  |TAMS 0x0000000707000000, 0x0000000707000000| Untracked 
|  32|0x0000000707200000, 0x0000000707200000, 0x0000000707400000|  0%| F|  |TAMS 0x0000000707200000, 0x0000000707200000| Untracked 
|  33|0x0000000707400000, 0x0000000707400000, 0x0000000707600000|  0%| F|  |TAMS 0x0000000707400000, 0x0000000707400000| Untracked 
|  34|0x0000000707600000, 0x0000000707600000, 0x0000000707800000|  0%| F|  |TAMS 0x0000000707600000, 0x0000000707600000| Untracked 
|  35|0x0000000707800000, 0x0000000707800000, 0x0000000707a00000|  0%| F|  |TAMS 0x0000000707800000, 0x0000000707800000| Untracked 
|  36|0x0000000707a00000, 0x0000000707a00000, 0x0000000707c00000|  0%| F|  |TAMS 0x0000000707a00000, 0x0000000707a00000| Untracked 
|  37|0x0000000707c00000, 0x0000000707c00000, 0x0000000707e00000|  0%| F|  |TAMS 0x0000000707c00000, 0x0000000707c00000| Untracked 
|  38|0x0000000707e00000, 0x0000000707e00000, 0x0000000708000000|  0%| F|  |TAMS 0x0000000707e00000, 0x0000000707e00000| Untracked 
|  39|0x0000000708000000, 0x0000000708000000, 0x0000000708200000|  0%| F|  |TAMS 0x0000000708000000, 0x0000000708000000| Untracked 
|  40|0x0000000708200000, 0x0000000708200000, 0x0000000708400000|  0%| F|  |TAMS 0x0000000708200000, 0x0000000708200000| Untracked 
|  41|0x0000000708400000, 0x0000000708400000, 0x0000000708600000|  0%| F|  |TAMS 0x0000000708400000, 0x0000000708400000| Untracked 
|  42|0x0000000708600000, 0x0000000708600000, 0x0000000708800000|  0%| F|  |TAMS 0x0000000708600000, 0x0000000708600000| Untracked 
|  43|0x0000000708800000, 0x0000000708800000, 0x0000000708a00000|  0%| F|  |TAMS 0x0000000708800000, 0x0000000708800000| Untracked 
|  44|0x0000000708a00000, 0x0000000708a00000, 0x0000000708c00000|  0%| F|  |TAMS 0x0000000708a00000, 0x0000000708a00000| Untracked 
|  45|0x0000000708c00000, 0x0000000708c00000, 0x0000000708e00000|  0%| F|  |TAMS 0x0000000708c00000, 0x0000000708c00000| Untracked 
|  46|0x0000000708e00000, 0x0000000708e00000, 0x0000000709000000|  0%| F|  |TAMS 0x0000000708e00000, 0x0000000708e00000| Untracked 
|  47|0x0000000709000000, 0x0000000709000000, 0x0000000709200000|  0%| F|  |TAMS 0x0000000709000000, 0x0000000709000000| Untracked 
|  48|0x0000000709200000, 0x0000000709200000, 0x0000000709400000|  0%| F|  |TAMS 0x0000000709200000, 0x0000000709200000| Untracked 
|  49|0x0000000709400000, 0x0000000709400000, 0x0000000709600000|  0%| F|  |TAMS 0x0000000709400000, 0x0000000709400000| Untracked 
|  50|0x0000000709600000, 0x0000000709600000, 0x0000000709800000|  0%| F|  |TAMS 0x0000000709600000, 0x0000000709600000| Untracked 
|  51|0x0000000709800000, 0x0000000709800000, 0x0000000709a00000|  0%| F|  |TAMS 0x0000000709800000, 0x0000000709800000| Untracked 
|  52|0x0000000709a00000, 0x0000000709a00000, 0x0000000709c00000|  0%| F|  |TAMS 0x0000000709a00000, 0x0000000709a00000| Untracked 
|  53|0x0000000709c00000, 0x0000000709c00000, 0x0000000709e00000|  0%| F|  |TAMS 0x0000000709c00000, 0x0000000709c00000| Untracked 
|  54|0x0000000709e00000, 0x0000000709e00000, 0x000000070a000000|  0%| F|  |TAMS 0x0000000709e00000, 0x0000000709e00000| Untracked 
|  55|0x000000070a000000, 0x000000070a000000, 0x000000070a200000|  0%| F|  |TAMS 0x000000070a000000, 0x000000070a000000| Untracked 
|  56|0x000000070a200000, 0x000000070a200000, 0x000000070a400000|  0%| F|  |TAMS 0x000000070a200000, 0x000000070a200000| Untracked 
|  57|0x000000070a400000, 0x000000070a400000, 0x000000070a600000|  0%| F|  |TAMS 0x000000070a400000, 0x000000070a400000| Untracked 
|  58|0x000000070a600000, 0x000000070a600000, 0x000000070a800000|  0%| F|  |TAMS 0x000000070a600000, 0x000000070a600000| Untracked 
|  59|0x000000070a800000, 0x000000070a800000, 0x000000070aa00000|  0%| F|  |TAMS 0x000000070a800000, 0x000000070a800000| Untracked 
|  60|0x000000070aa00000, 0x000000070aa00000, 0x000000070ac00000|  0%| F|  |TAMS 0x000000070aa00000, 0x000000070aa00000| Untracked 
|  61|0x000000070ac00000, 0x000000070ac00000, 0x000000070ae00000|  0%| F|  |TAMS 0x000000070ac00000, 0x000000070ac00000| Untracked 
|  62|0x000000070ae00000, 0x000000070ae00000, 0x000000070b000000|  0%| F|  |TAMS 0x000000070ae00000, 0x000000070ae00000| Untracked 
|  63|0x000000070b000000, 0x000000070b000000, 0x000000070b200000|  0%| F|  |TAMS 0x000000070b000000, 0x000000070b000000| Untracked 
|  64|0x000000070b200000, 0x000000070b200000, 0x000000070b400000|  0%| F|  |TAMS 0x000000070b200000, 0x000000070b200000| Untracked 
|  65|0x000000070b400000, 0x000000070b400000, 0x000000070b600000|  0%| F|  |TAMS 0x000000070b400000, 0x000000070b400000| Untracked 
|  66|0x000000070b600000, 0x000000070b600000, 0x000000070b800000|  0%| F|  |TAMS 0x000000070b600000, 0x000000070b600000| Untracked 
|  67|0x000000070b800000, 0x000000070b800000, 0x000000070ba00000|  0%| F|  |TAMS 0x000000070b800000, 0x000000070b800000| Untracked 
|  68|0x000000070ba00000, 0x000000070ba00000, 0x000000070bc00000|  0%| F|  |TAMS 0x000000070ba00000, 0x000000070ba00000| Untracked 
|  69|0x000000070bc00000, 0x000000070bc00000, 0x000000070be00000|  0%| F|  |TAMS 0x000000070bc00000, 0x000000070bc00000| Untracked 
|  70|0x000000070be00000, 0x000000070be00000, 0x000000070c000000|  0%| F|  |TAMS 0x000000070be00000, 0x000000070be00000| Untracked 
|  71|0x000000070c000000, 0x000000070c000000, 0x000000070c200000|  0%| F|  |TAMS 0x000000070c000000, 0x000000070c000000| Untracked 
|  72|0x000000070c200000, 0x000000070c200000, 0x000000070c400000|  0%| F|  |TAMS 0x000000070c200000, 0x000000070c200000| Untracked 
|  73|0x000000070c400000, 0x000000070c400000, 0x000000070c600000|  0%| F|  |TAMS 0x000000070c400000, 0x000000070c400000| Untracked 
|  74|0x000000070c600000, 0x000000070c600000, 0x000000070c800000|  0%| F|  |TAMS 0x000000070c600000, 0x000000070c600000| Untracked 
|  75|0x000000070c800000, 0x000000070c800000, 0x000000070ca00000|  0%| F|  |TAMS 0x000000070c800000, 0x000000070c800000| Untracked 
|  76|0x000000070ca00000, 0x000000070ca00000, 0x000000070cc00000|  0%| F|  |TAMS 0x000000070ca00000, 0x000000070ca00000| Untracked 
|  77|0x000000070cc00000, 0x000000070cc00000, 0x000000070ce00000|  0%| F|  |TAMS 0x000000070cc00000, 0x000000070cc00000| Untracked 
|  78|0x000000070ce00000, 0x000000070ce00000, 0x000000070d000000|  0%| F|  |TAMS 0x000000070ce00000, 0x000000070ce00000| Untracked 
|  79|0x000000070d000000, 0x000000070d000000, 0x000000070d200000|  0%| F|  |TAMS 0x000000070d000000, 0x000000070d000000| Untracked 
|  80|0x000000070d200000, 0x000000070d200000, 0x000000070d400000|  0%| F|  |TAMS 0x000000070d200000, 0x000000070d200000| Untracked 
|  81|0x000000070d400000, 0x000000070d400000, 0x000000070d600000|  0%| F|  |TAMS 0x000000070d400000, 0x000000070d400000| Untracked 
|  82|0x000000070d600000, 0x000000070d600000, 0x000000070d800000|  0%| F|  |TAMS 0x000000070d600000, 0x000000070d600000| Untracked 
|  83|0x000000070d800000, 0x000000070d800000, 0x000000070da00000|  0%| F|  |TAMS 0x000000070d800000, 0x000000070d800000| Untracked 
|  84|0x000000070da00000, 0x000000070da00000, 0x000000070dc00000|  0%| F|  |TAMS 0x000000070da00000, 0x000000070da00000| Untracked 
|  85|0x000000070dc00000, 0x000000070dc00000, 0x000000070de00000|  0%| F|  |TAMS 0x000000070dc00000, 0x000000070dc00000| Untracked 
|  86|0x000000070de00000, 0x000000070de00000, 0x000000070e000000|  0%| F|  |TAMS 0x000000070de00000, 0x000000070de00000| Untracked 
|  87|0x000000070e000000, 0x000000070e000000, 0x000000070e200000|  0%| F|  |TAMS 0x000000070e000000, 0x000000070e000000| Untracked 
|  88|0x000000070e200000, 0x000000070e200000, 0x000000070e400000|  0%| F|  |TAMS 0x000000070e200000, 0x000000070e200000| Untracked 
|  89|0x000000070e400000, 0x000000070e400000, 0x000000070e600000|  0%| F|  |TAMS 0x000000070e400000, 0x000000070e400000| Untracked 
|  90|0x000000070e600000, 0x000000070e600000, 0x000000070e800000|  0%| F|  |TAMS 0x000000070e600000, 0x000000070e600000| Untracked 
|  91|0x000000070e800000, 0x000000070e800000, 0x000000070ea00000|  0%| F|  |TAMS 0x000000070e800000, 0x000000070e800000| Untracked 
|  92|0x000000070ea00000, 0x000000070ea00000, 0x000000070ec00000|  0%| F|  |TAMS 0x000000070ea00000, 0x000000070ea00000| Untracked 
|  93|0x000000070ec00000, 0x000000070ec00000, 0x000000070ee00000|  0%| F|  |TAMS 0x000000070ec00000, 0x000000070ec00000| Untracked 
|  94|0x000000070ee00000, 0x000000070ee00000, 0x000000070f000000|  0%| F|  |TAMS 0x000000070ee00000, 0x000000070ee00000| Untracked 
|  95|0x000000070f000000, 0x000000070f000000, 0x000000070f200000|  0%| F|  |TAMS 0x000000070f000000, 0x000000070f000000| Untracked 
|  96|0x000000070f200000, 0x000000070f200000, 0x000000070f400000|  0%| F|  |TAMS 0x000000070f200000, 0x000000070f200000| Untracked 
|  97|0x000000070f400000, 0x000000070f400000, 0x000000070f600000|  0%| F|  |TAMS 0x000000070f400000, 0x000000070f400000| Untracked 
|  98|0x000000070f600000, 0x000000070f600000, 0x000000070f800000|  0%| F|  |TAMS 0x000000070f600000, 0x000000070f600000| Untracked 
|  99|0x000000070f800000, 0x000000070f800000, 0x000000070fa00000|  0%| F|  |TAMS 0x000000070f800000, 0x000000070f800000| Untracked 
| 100|0x000000070fa00000, 0x000000070fa00000, 0x000000070fc00000|  0%| F|  |TAMS 0x000000070fa00000, 0x000000070fa00000| Untracked 
| 101|0x000000070fc00000, 0x000000070fc00000, 0x000000070fe00000|  0%| F|  |TAMS 0x000000070fc00000, 0x000000070fc00000| Untracked 
| 102|0x000000070fe00000, 0x000000070fe00000, 0x0000000710000000|  0%| F|  |TAMS 0x000000070fe00000, 0x000000070fe00000| Untracked 
| 103|0x0000000710000000, 0x0000000710000000, 0x0000000710200000|  0%| F|  |TAMS 0x0000000710000000, 0x0000000710000000| Untracked 
| 104|0x0000000710200000, 0x0000000710200000, 0x0000000710400000|  0%| F|  |TAMS 0x0000000710200000, 0x0000000710200000| Untracked 
| 105|0x0000000710400000, 0x0000000710400000, 0x0000000710600000|  0%| F|  |TAMS 0x0000000710400000, 0x0000000710400000| Untracked 
| 106|0x0000000710600000, 0x0000000710600000, 0x0000000710800000|  0%| F|  |TAMS 0x0000000710600000, 0x0000000710600000| Untracked 
| 107|0x0000000710800000, 0x0000000710800000, 0x0000000710a00000|  0%| F|  |TAMS 0x0000000710800000, 0x0000000710800000| Untracked 
| 108|0x0000000710a00000, 0x0000000710a00000, 0x0000000710c00000|  0%| F|  |TAMS 0x0000000710a00000, 0x0000000710a00000| Untracked 
| 109|0x0000000710c00000, 0x0000000710c00000, 0x0000000710e00000|  0%| F|  |TAMS 0x0000000710c00000, 0x0000000710c00000| Untracked 
| 110|0x0000000710e00000, 0x0000000710e00000, 0x0000000711000000|  0%| F|  |TAMS 0x0000000710e00000, 0x0000000710e00000| Untracked 
| 111|0x0000000711000000, 0x0000000711000000, 0x0000000711200000|  0%| F|  |TAMS 0x0000000711000000, 0x0000000711000000| Untracked 
| 112|0x0000000711200000, 0x0000000711200000, 0x0000000711400000|  0%| F|  |TAMS 0x0000000711200000, 0x0000000711200000| Untracked 
| 113|0x0000000711400000, 0x0000000711400000, 0x0000000711600000|  0%| F|  |TAMS 0x0000000711400000, 0x0000000711400000| Untracked 
| 114|0x0000000711600000, 0x0000000711600000, 0x0000000711800000|  0%| F|  |TAMS 0x0000000711600000, 0x0000000711600000| Untracked 
| 115|0x0000000711800000, 0x0000000711800000, 0x0000000711a00000|  0%| F|  |TAMS 0x0000000711800000, 0x0000000711800000| Untracked 
| 116|0x0000000711a00000, 0x0000000711a00000, 0x0000000711c00000|  0%| F|  |TAMS 0x0000000711a00000, 0x0000000711a00000| Untracked 
| 117|0x0000000711c00000, 0x0000000711c00000, 0x0000000711e00000|  0%| F|  |TAMS 0x0000000711c00000, 0x0000000711c00000| Untracked 
| 118|0x0000000711e00000, 0x0000000711e00000, 0x0000000712000000|  0%| F|  |TAMS 0x0000000711e00000, 0x0000000711e00000| Untracked 
| 119|0x0000000712000000, 0x0000000712000000, 0x0000000712200000|  0%| F|  |TAMS 0x0000000712000000, 0x0000000712000000| Untracked 
| 120|0x0000000712200000, 0x0000000712200000, 0x0000000712400000|  0%| F|  |TAMS 0x0000000712200000, 0x0000000712200000| Untracked 
| 121|0x0000000712400000, 0x0000000712400000, 0x0000000712600000|  0%| F|  |TAMS 0x0000000712400000, 0x0000000712400000| Untracked 
| 122|0x0000000712600000, 0x0000000712600000, 0x0000000712800000|  0%| F|  |TAMS 0x0000000712600000, 0x0000000712600000| Untracked 
| 123|0x0000000712800000, 0x000000071295bb68, 0x0000000712a00000| 67%| E|  |TAMS 0x0000000712800000, 0x0000000712800000| Complete 
| 124|0x0000000712a00000, 0x0000000712c00000, 0x0000000712c00000|100%| E|CS|TAMS 0x0000000712a00000, 0x0000000712a00000| Complete 
| 125|0x0000000712c00000, 0x0000000712e00000, 0x0000000712e00000|100%| E|CS|TAMS 0x0000000712c00000, 0x0000000712c00000| Complete 
| 126|0x0000000712e00000, 0x0000000713000000, 0x0000000713000000|100%| E|CS|TAMS 0x0000000712e00000, 0x0000000712e00000| Complete 

Card table byte_map: [0x00000254fc470000,0x00000254fcc60000] _byte_map_base: 0x00000254f8c57000

Marking Bits (Prev, Next): (CMBitMap*) 0x00000254f8420b70, (CMBitMap*) 0x00000254f8420bb0
 Prev Bits: [0x000002548f000000, 0x0000025492f38000)
 Next Bits: [0x0000025492f40000, 0x0000025496e78000)

Polling page: 0x00000254f62b0000

Metaspace:

Usage:
  Non-class:      8.82 MB used.
      Class:    848.49 KB used.
       Both:      9.65 MB used.

Virtual space:
  Non-class space:       16.00 MB reserved,       8.88 MB ( 55%) committed,  2 nodes.
      Class space:        1.00 GB reserved,     896.00 KB ( <1%) committed,  1 nodes.
              Both:        1.02 GB reserved,       9.75 MB ( <1%) committed. 

Chunk freelists:
   Non-Class:  2.76 MB
       Class:  3.09 MB
        Both:  5.85 MB

MaxMetaspaceSize: 17179869184.00 GB
CompressedClassSpaceSize: 1.00 GB
 - commit_granule_bytes: 65536.
 - commit_granule_words: 8192.
 - virtual_space_node_default_size: 1048576.
 - enlarge_chunks_in_place: 1.
 - new_chunks_are_fully_committed: 0.
 - uncommit_free_chunks: 1.
 - use_allocation_guard: 0.
 - handle_deallocations: 1.


Internal statistics:

num_allocs_failed_limit: 0.
num_arena_births: 12.
num_arena_deaths: 0.
num_vsnodes_births: 3.
num_vsnodes_deaths: 0.
num_space_committed: 156.
num_space_uncommitted: 0.
num_chunks_returned_to_freelist: 0.
num_chunks_taken_from_freelist: 52.
num_chunk_merges: 0.
num_chunk_splits: 20.
num_chunks_enlarged: 12.
num_purges: 0.

CodeHeap 'non-profiled nmethods': size=120000Kb used=155Kb max_used=155Kb free=119845Kb
 bounds [0x0000025487ad0000, 0x0000025487d40000, 0x000002548f000000]
CodeHeap 'profiled nmethods': size=120000Kb used=631Kb max_used=631Kb free=119368Kb
 bounds [0x00000254805a0000, 0x0000025480810000, 0x0000025487ad0000]
CodeHeap 'non-nmethods': size=5760Kb used=1210Kb max_used=1230Kb free=4549Kb
 bounds [0x0000025480000000, 0x0000025480270000, 0x00000254805a0000]
 total_blobs=850 nmethods=443 adapters=320
 compilation: enabled
              stopped_count=0, restarted_count=0
 full_count=0

Compilation events (20 events):
Event: 4.033 Thread 0x0000025497876280 nmethod 435 0x0000025487af2690 code [0x0000025487af2820, 0x0000025487af28f8]
Event: 4.033 Thread 0x0000025497876280  436       3       java.util.Properties::saveConvert (434 bytes)
Event: 4.034 Thread 0x0000025497876280 nmethod 436 0x0000025480639390 code [0x0000025480639840, 0x000002548063b8e8]
Event: 4.034 Thread 0x0000025497876280  437       3       java.lang.String::getChars (54 bytes)
Event: 4.034 Thread 0x0000025497876280 nmethod 437 0x000002548063c490 code [0x000002548063c6a0, 0x000002548063cb38]
Event: 4.034 Thread 0x0000025497876280  438       3       java.lang.StringLatin1::getChars (12 bytes)
Event: 4.034 Thread 0x0000025497876280 nmethod 438 0x000002548063cd10 code [0x000002548063cec0, 0x000002548063d008]
Event: 4.044 Thread 0x000002549786a140 nmethod 431 0x0000025487af2990 code [0x0000025487af2bc0, 0x0000025487af46e0]
Event: 4.044 Thread 0x000002549786a140  433       4       java.lang.AbstractStringBuilder::ensureCapacityInternal (39 bytes)
Event: 4.046 Thread 0x000002549786a140 nmethod 433 0x0000025487af4f90 code [0x0000025487af5120, 0x0000025487af5578]
Event: 4.046 Thread 0x000002549786a140  439       4       java.lang.StringBuilder::append (8 bytes)
Event: 4.048 Thread 0x000002549786a140 nmethod 439 0x0000025487af5790 code [0x0000025487af5920, 0x0000025487af5ef8]
Event: 4.048 Thread 0x000002549786a140  440       4       java.lang.AbstractStringBuilder::append (77 bytes)
Event: 4.050 Thread 0x000002549786a140 nmethod 440 0x0000025487af6210 code [0x0000025487af63a0, 0x0000025487af68f8]
Event: 103.995 Thread 0x0000025497876280  441       3       org.eclipse.jdt.launching.internal.org.objectweb.asm.SymbolTable::hash (10 bytes)
Event: 103.996 Thread 0x0000025497876280 nmethod 441 0x000002548063d110 code [0x000002548063d2c0, 0x000002548063d408]
Event: 103.996 Thread 0x0000025497876280  442       3       org.eclipse.jdt.launching.internal.org.objectweb.asm.ClassReader::getItem (7 bytes)
Event: 103.996 Thread 0x0000025497876280 nmethod 442 0x000002548063d510 code [0x000002548063d6a0, 0x000002548063d7d8]
Event: 103.996 Thread 0x0000025497876280  443       3       org.eclipse.jdt.launching.internal.org.objectweb.asm.Symbol::<init> (38 bytes)
Event: 103.996 Thread 0x0000025497876280 nmethod 443 0x000002548063d890 code [0x000002548063da40, 0x000002548063dcf8]

GC Heap History (0 events):
No events

Deoptimization events (20 events):
Event: 0.350 Thread 0x00000254f83cf130 DEOPT PACKING pc=0x00000254806103e7 sp=0x00000063763f7d20
Event: 0.350 Thread 0x00000254f83cf130 DEOPT UNPACKING pc=0x000002548004e77e sp=0x00000063763f7188 mode 0
Event: 0.350 Thread 0x00000254f83cf130 DEOPT PACKING pc=0x00000254806103e7 sp=0x00000063763f7d20
Event: 0.350 Thread 0x00000254f83cf130 DEOPT UNPACKING pc=0x000002548004e77e sp=0x00000063763f7188 mode 0
Event: 0.351 Thread 0x00000254f83cf130 DEOPT PACKING pc=0x00000254806103e7 sp=0x00000063763fb750
Event: 0.351 Thread 0x00000254f83cf130 DEOPT UNPACKING pc=0x000002548004e77e sp=0x00000063763fabb8 mode 0
Event: 0.351 Thread 0x00000254f83cf130 DEOPT PACKING pc=0x00000254806103e7 sp=0x00000063763fb750
Event: 0.351 Thread 0x00000254f83cf130 DEOPT UNPACKING pc=0x000002548004e77e sp=0x00000063763fabb8 mode 0
Event: 0.351 Thread 0x00000254f83cf130 DEOPT PACKING pc=0x00000254806103e7 sp=0x00000063763fb750
Event: 0.351 Thread 0x00000254f83cf130 DEOPT UNPACKING pc=0x000002548004e77e sp=0x00000063763fabb8 mode 0
Event: 0.352 Thread 0x00000254f83cf130 DEOPT PACKING pc=0x00000254806103e7 sp=0x00000063763fb750
Event: 0.352 Thread 0x00000254f83cf130 DEOPT UNPACKING pc=0x000002548004e77e sp=0x00000063763fabb8 mode 0
Event: 0.355 Thread 0x00000254f83cf130 DEOPT PACKING pc=0x00000254806103e7 sp=0x00000063763f7910
Event: 0.355 Thread 0x00000254f83cf130 DEOPT UNPACKING pc=0x000002548004e77e sp=0x00000063763f6d78 mode 0
Event: 0.355 Thread 0x00000254f83cf130 DEOPT PACKING pc=0x00000254806103e7 sp=0x00000063763f7910
Event: 0.355 Thread 0x00000254f83cf130 DEOPT UNPACKING pc=0x000002548004e77e sp=0x00000063763f6d78 mode 0
Event: 0.355 Thread 0x00000254f83cf130 DEOPT PACKING pc=0x00000254806103e7 sp=0x00000063763f7910
Event: 0.355 Thread 0x00000254f83cf130 DEOPT UNPACKING pc=0x000002548004e77e sp=0x00000063763f6d78 mode 0
Event: 0.355 Thread 0x00000254f83cf130 DEOPT PACKING pc=0x00000254806103e7 sp=0x00000063763f7910
Event: 0.355 Thread 0x00000254f83cf130 DEOPT UNPACKING pc=0x000002548004e77e sp=0x00000063763f6d78 mode 0

Classes unloaded (0 events):
No events

Classes redefined (2 events):
Event: 36.068 Thread 0x00000254978140f0 redefined class name=java_ddbb.gestionEmployees, count=1
Event: 103.996 Thread 0x00000254978140f0 redefined class name=java_ddbb.gestionEmployees, count=2

Internal exceptions (1 events):
Event: 0.334 Thread 0x00000254f83cf130 Exception <a 'java/lang/NoSuchMethodError'{0x0000000712a9d2c0}: 'java.lang.Object java.lang.invoke.DirectMethodHandle$Holder.invokeStatic(java.lang.Object)'> (0x0000000712a9d2c0) 
thrown [t:\workspace\open\src\hotspot\share\interpreter\linkResolver.cpp, line 790]

Events (20 events):
Event: 4.030 loading class sun/util/resources/cldr/TimeZoneNames_en done
Event: 4.030 loading class sun/util/resources/cldr/TimeZoneNames_en_US
Event: 4.030 loading class sun/util/resources/cldr/TimeZoneNames_en_US done
Event: 4.030 loading class sun/util/locale/provider/LocaleResources$ResourceReference
Event: 4.030 loading class sun/util/locale/provider/LocaleResources$ResourceReference done
Event: 4.031 loading class sun/util/resources/TimeZoneNames
Event: 4.031 loading class sun/util/resources/TimeZoneNames done
Event: 4.031 loading class sun/util/resources/TimeZoneNames_en
Event: 4.031 loading class sun/util/resources/TimeZoneNames_en done
Event: 4.233 Executing  VM operation: Cleanup
Event: 4.233 Executing  VM operation: Cleanup done
Event: 36.068 Executing  VM operation: RedefineClasses
Event: 36.070 Executing  VM operation: RedefineClasses done
Event: 103.996 Executing  VM operation: RedefineClasses
Event: 103.998 Executing  VM operation: RedefineClasses done
Event: 104.000 Executing  VM operation: ChangeBreakpoints
Event: 104.000 Executing  VM operation: ChangeBreakpoints done
Event: 104.003 Executing  VM operation: ChangeBreakpoints
Event: 104.004 Executing  VM operation: ChangeBreakpoints done
Event: 104.007 Executing  VM operation: ChangeBreakpoints


Dynamic libraries:
0x00007ff7c2260000 - 0x00007ff7c226e000 	C:\Users\ander\.p2\pool\plugins\org.eclipse.justj.openjdk.hotspot.jre.full.win32.x86_64_16.0.2.v20210721-1149\jre\bin\javaw.exe
0x00007ffde6030000 - 0x00007ffde6225000 	C:\WINDOWS\SYSTEM32\ntdll.dll
0x00007ffde4ab0000 - 0x00007ffde4b6e000 	C:\WINDOWS\System32\KERNEL32.DLL
0x00007ffde3d00000 - 0x00007ffde3fc8000 	C:\WINDOWS\System32\KERNELBASE.dll
0x00007ffde3bd0000 - 0x00007ffde3cd0000 	C:\WINDOWS\System32\ucrtbase.dll
0x00007ffddea00000 - 0x00007ffddea18000 	C:\Users\ander\.p2\pool\plugins\org.eclipse.justj.openjdk.hotspot.jre.full.win32.x86_64_16.0.2.v20210721-1149\jre\bin\jli.dll
0x00007ffddce40000 - 0x00007ffddce59000 	C:\Users\ander\.p2\pool\plugins\org.eclipse.justj.openjdk.hotspot.jre.full.win32.x86_64_16.0.2.v20210721-1149\jre\bin\VCRUNTIME140.dll
0x00007ffde5120000 - 0x00007ffde52c0000 	C:\WINDOWS\System32\USER32.dll
0x00007ffde3cd0000 - 0x00007ffde3cf2000 	C:\WINDOWS\System32\win32u.dll
0x00007ffdc4a10000 - 0x00007ffdc4caa000 	C:\WINDOWS\WinSxS\amd64_microsoft.windows.common-controls_6595b64144ccf1df_6.0.19041.1110_none_60b5254171f9507e\COMCTL32.dll
0x00007ffde5a20000 - 0x00007ffde5a4a000 	C:\WINDOWS\System32\GDI32.dll
0x00007ffde5d50000 - 0x00007ffde5dee000 	C:\WINDOWS\System32\msvcrt.dll
0x00007ffde3750000 - 0x00007ffde385b000 	C:\WINDOWS\System32\gdi32full.dll
0x00007ffde3b30000 - 0x00007ffde3bcd000 	C:\WINDOWS\System32\msvcp_win.dll
0x00007ffde4d30000 - 0x00007ffde4d60000 	C:\WINDOWS\System32\IMM32.DLL
0x00007ffddeb00000 - 0x00007ffddeb0c000 	C:\Users\ander\.p2\pool\plugins\org.eclipse.justj.openjdk.hotspot.jre.full.win32.x86_64_16.0.2.v20210721-1149\jre\bin\vcruntime140_1.dll
0x00007ffdc0a40000 - 0x00007ffdc0ad1000 	C:\Users\ander\.p2\pool\plugins\org.eclipse.justj.openjdk.hotspot.jre.full.win32.x86_64_16.0.2.v20210721-1149\jre\bin\msvcp140.dll
0x00007ffdae340000 - 0x00007ffdaeeeb000 	C:\Users\ander\.p2\pool\plugins\org.eclipse.justj.openjdk.hotspot.jre.full.win32.x86_64_16.0.2.v20210721-1149\jre\bin\server\jvm.dll
0x00007ffde5a60000 - 0x00007ffde5b0e000 	C:\WINDOWS\System32\ADVAPI32.dll
0x00007ffde4b70000 - 0x00007ffde4c0c000 	C:\WINDOWS\System32\sechost.dll
0x00007ffde5ec0000 - 0x00007ffde5fe5000 	C:\WINDOWS\System32\RPCRT4.dll
0x00007ffde4a40000 - 0x00007ffde4a48000 	C:\WINDOWS\System32\PSAPI.DLL
0x00007ffdcff20000 - 0x00007ffdcff29000 	C:\WINDOWS\SYSTEM32\WSOCK32.dll
0x00007ffde5df0000 - 0x00007ffde5e5b000 	C:\WINDOWS\System32\WS2_32.dll
0x00007ffde14f0000 - 0x00007ffde1517000 	C:\WINDOWS\SYSTEM32\WINMM.dll
0x00007ffdd9790000 - 0x00007ffdd979a000 	C:\WINDOWS\SYSTEM32\VERSION.dll
0x00007ffde1850000 - 0x00007ffde1862000 	C:\WINDOWS\SYSTEM32\kernel.appcore.dll
0x00007ffddbe10000 - 0x00007ffddbe1a000 	C:\Users\ander\.p2\pool\plugins\org.eclipse.justj.openjdk.hotspot.jre.full.win32.x86_64_16.0.2.v20210721-1149\jre\bin\jimage.dll
0x00007ffde12b0000 - 0x00007ffde1494000 	C:\WINDOWS\SYSTEM32\DBGHELP.DLL
0x00007ffde14a0000 - 0x00007ffde14cc000 	C:\WINDOWS\SYSTEM32\dbgcore.DLL
0x00007ffde3fd0000 - 0x00007ffde4052000 	C:\WINDOWS\System32\bcryptPrimitives.dll
0x00007ffddb1c0000 - 0x00007ffddb1fb000 	C:\Users\ander\.p2\pool\plugins\org.eclipse.justj.openjdk.hotspot.jre.full.win32.x86_64_16.0.2.v20210721-1149\jre\bin\jdwp.dll
0x00007ffddbdc0000 - 0x00007ffddbdce000 	C:\Users\ander\.p2\pool\plugins\org.eclipse.justj.openjdk.hotspot.jre.full.win32.x86_64_16.0.2.v20210721-1149\jre\bin\instrument.dll
0x00007ffddbd60000 - 0x00007ffddbd85000 	C:\Users\ander\.p2\pool\plugins\org.eclipse.justj.openjdk.hotspot.jre.full.win32.x86_64_16.0.2.v20210721-1149\jre\bin\java.dll
0x00007ffddbda0000 - 0x00007ffddbdb8000 	C:\Users\ander\.p2\pool\plugins\org.eclipse.justj.openjdk.hotspot.jre.full.win32.x86_64_16.0.2.v20210721-1149\jre\bin\zip.dll
0x00007ffde52d0000 - 0x00007ffde5a14000 	C:\WINDOWS\System32\SHELL32.dll
0x00007ffde1870000 - 0x00007ffde2004000 	C:\WINDOWS\SYSTEM32\windows.storage.dll
0x00007ffde4dc0000 - 0x00007ffde5114000 	C:\WINDOWS\System32\combase.dll
0x00007ffde31c0000 - 0x00007ffde31ec000 	C:\WINDOWS\SYSTEM32\Wldp.dll
0x00007ffde4090000 - 0x00007ffde413d000 	C:\WINDOWS\System32\SHCORE.dll
0x00007ffde5e60000 - 0x00007ffde5eb5000 	C:\WINDOWS\System32\shlwapi.dll
0x00007ffde3690000 - 0x00007ffde36af000 	C:\WINDOWS\SYSTEM32\profapi.dll
0x00007ffddb4c0000 - 0x00007ffddb4cc000 	C:\Users\ander\.p2\pool\plugins\org.eclipse.justj.openjdk.hotspot.jre.full.win32.x86_64_16.0.2.v20210721-1149\jre\bin\dt_socket.dll
0x00007ffde2bc0000 - 0x00007ffde2bfb000 	C:\WINDOWS\SYSTEM32\IPHLPAPI.DLL
0x00007ffde2f20000 - 0x00007ffde2f8a000 	C:\WINDOWS\system32\mswsock.dll
0x00007ffde2c10000 - 0x00007ffde2cdb000 	C:\WINDOWS\SYSTEM32\DNSAPI.dll
0x00007ffde52c0000 - 0x00007ffde52c8000 	C:\WINDOWS\System32\NSI.dll
0x00007ffdd9690000 - 0x00007ffdd969a000 	C:\Windows\System32\rasadhlp.dll
0x00007ffdd3de0000 - 0x00007ffdd3e5f000 	C:\WINDOWS\System32\fwpuclnt.dll
0x00007ffde4060000 - 0x00007ffde4087000 	C:\WINDOWS\System32\bcrypt.dll
0x00007ffddb260000 - 0x00007ffddb279000 	C:\Users\ander\.p2\pool\plugins\org.eclipse.justj.openjdk.hotspot.jre.full.win32.x86_64_16.0.2.v20210721-1149\jre\bin\net.dll
0x00007ffdddab0000 - 0x00007ffdddbba000 	C:\WINDOWS\SYSTEM32\WINHTTP.dll
0x00007ffddb1a0000 - 0x00007ffddb1b3000 	C:\Users\ander\.p2\pool\plugins\org.eclipse.justj.openjdk.hotspot.jre.full.win32.x86_64_16.0.2.v20210721-1149\jre\bin\nio.dll
0x00007ffddb250000 - 0x00007ffddb260000 	C:\Users\ander\.p2\pool\plugins\org.eclipse.justj.openjdk.hotspot.jre.full.win32.x86_64_16.0.2.v20210721-1149\jre\bin\verify.dll

dbghelp: loaded successfully - version: 4.0.5 - missing functions: none
symbol engine: initialized successfully - sym options: 0x614 - pdb path: .;C:\Users\ander\.p2\pool\plugins\org.eclipse.justj.openjdk.hotspot.jre.full.win32.x86_64_16.0.2.v20210721-1149\jre\bin;C:\WINDOWS\SYSTEM32;C:\WINDOWS\WinSxS\amd64_microsoft.windows.common-controls_6595b64144ccf1df_6.0.19041.1110_none_60b5254171f9507e;C:\Users\ander\.p2\pool\plugins\org.eclipse.justj.openjdk.hotspot.jre.full.win32.x86_64_16.0.2.v20210721-1149\jre\bin\server

VM Arguments:
jvm_args: -XX:+ShowCodeDetailsInExceptionMessages -agentlib:jdwp=transport=dt_socket,suspend=y,address=localhost:54510 -javaagent:C:\Users\ander\eclipse\java-2022-03\eclipse\configuration\org.eclipse.osgi\225\0\.cp\lib\javaagent-shaded.jar -Dfile.encoding=Cp1252 
java_command: java_ddbb.gestionEmployees
java_class_path (initial): C:\Users\ander\OneDrive\Documentos\escuela\Programacion\Eclipse\JACE\bin
Launcher Type: SUN_STANDARD

[Global flags]
     intx CICompilerCount                          = 4                                         {product} {ergonomic}
     uint ConcGCThreads                            = 2                                         {product} {ergonomic}
     uint G1ConcRefinementThreads                  = 8                                         {product} {ergonomic}
   size_t G1HeapRegionSize                         = 2097152                                   {product} {ergonomic}
    uintx GCDrainStackTargetSize                   = 64                                        {product} {ergonomic}
   size_t InitialHeapSize                          = 266338304                                 {product} {ergonomic}
   size_t MarkStackSize                            = 4194304                                   {product} {ergonomic}
   size_t MaxHeapSize                              = 4242538496                                {product} {ergonomic}
   size_t MaxNewSize                               = 2543845376                                {product} {ergonomic}
   size_t MinHeapDeltaBytes                        = 2097152                                   {product} {ergonomic}
   size_t MinHeapSize                              = 8388608                                   {product} {ergonomic}
    uintx NonNMethodCodeHeapSize                   = 5839372                                {pd product} {ergonomic}
    uintx NonProfiledCodeHeapSize                  = 122909434                              {pd product} {ergonomic}
    uintx ProfiledCodeHeapSize                     = 122909434                              {pd product} {ergonomic}
    uintx ReservedCodeCacheSize                    = 251658240                              {pd product} {ergonomic}
     bool SegmentedCodeCache                       = true                                      {product} {ergonomic}
     bool ShowCodeDetailsInExceptionMessages       = true                                   {manageable} {command line}
   size_t SoftMaxHeapSize                          = 4242538496                             {manageable} {ergonomic}
     bool UseCompressedClassPointers               = true                           {product lp64_product} {ergonomic}
     bool UseCompressedOops                        = true                           {product lp64_product} {ergonomic}
     bool UseG1GC                                  = true                                      {product} {ergonomic}
     bool UseLargePagesIndividualAllocation        = false                                  {pd product} {ergonomic}

Logging:
Log output configuration:
 #0: stdout all=warning uptime,level,tags
 #1: stderr all=off uptime,level,tags

Environment Variables:
PATH=C:\Users\ander\.p2\pool\plugins\org.eclipse.justj.openjdk.hotspot.jre.full.win32.x86_64_16.0.2.v20210721-1149\jre\bin;C:/Program Files/Java/jdk-17.0.1/bin/server;C:/Program Files/Java/jdk-17.0.1/bin;C:\Program Files\Microsoft\jdk-11.0.12.7-hotspot\bin;C:\Python310\Scripts\;C:\Python310\;C:\Program Files\Common Files\Oracle\Java\javapath;C:\WINDOWS\system32;C:\WINDOWS;C:\WINDOWS\System32\Wbem;C:\WINDOWS\System32\WindowsPowerShell\v1.0\;C:\WINDOWS\System32\OpenSSH\;C:\Program Files\Git\cmd;C:\Program Files\dotnet\;C:\ProgramData\chocolatey\bin;C:\Program Files\nodejs\;C:\Program Files\Microsoft SQL Server\150\Tools\Binn\;C:\Program Files\Microsoft SQL Server\Client SDK\ODBC\170\Tools\Binn\;C:\Program Files (x86)\BaseX\bin;C:\Program Files\Liquid Technologies\Liquid Studio 2021\XmlDataBinder19\Redist19\cpp\win32\bin;C:\Program Files\Liquid Technologies\Liquid Studio 2021\XmlDataBinder19\Redist19\cpp\win64\bin;C:\Program Files\MySQL\MySQL Shell 8.0\bin\;C:\Users\ander\AppData\Local\Microsoft\WindowsApps;C:\Users\ander\AppData\Local\Programs\Microsoft VS Code\bin;C:\Users\ander\.dotnet\tools;C:\Users\ander\AppData\Local\GitHubDesktop\bin;C:\Users\ander\AppData\Roaming\npm;C:\WINDOWS\system32;
USERNAME=ander
OS=Windows_NT
PROCESSOR_IDENTIFIER=Intel64 Family 6 Model 140 Stepping 1, GenuineIntel



---------------  S Y S T E M  ---------------

OS:
 Windows 10 , 64 bit Build 19041 (10.0.19041.1566)
OS uptime: 2 days 8:10 hours

CPU: total 8 (initial active 8) (4 cores per cpu, 2 threads per core) family 6 model 140 stepping 1 microcode 0x8a, cx8, cmov, fxsr, ht, mmx, 3dnowpref, sse, sse2, sse3, ssse3, sse4.1, sse4.2, popcnt, lzcnt, tsc, tscinvbit, avx, avx2, aes, erms, clmul, bmi1, bmi2, adx, avx512f, avx512dq, avx512cd, avx512bw, avx512vl, sha, fma, vzeroupper, avx512_vpopcntdq, avx512_vpclmulqdq, avx512_vaes, avx512_vnni, clflush, clflushopt, clwb, avx512_vmbi2, avx512_vmbi

Memory: 4k page, system-wide physical 16183M (4450M free)
TotalPageFile size 23137M (AvailPageFile size 3215M)
current process WorkingSet (physical memory assigned to process): 49M, peak: 51M
current process commit charge ("private bytes"): 343M, peak: 344M

vm_info: OpenJDK 64-Bit Server VM (16.0.2+7-67) for windows-amd64 JRE (16.0.2+7-67), built on Jun  8 2021 23:21:43 by "mach5one" with MS VC++ 16.7 (VS2019)

END.
